<?xml version="1.0" encoding="UTF-8"?>
<!-- Generated by org.testng.reporters.JUnitReportReporter -->
<testsuite skipped="0" hostname="Jayarees-MacBook-Pro.local" name="Stepdef.Scifinowlive.SCISMO02_Scifi_register_from_wallet" tests="5" failures="0" timestamp="02 Mar 2020 14:46:40 GMT" time="112.139" errors="0">
  <testcase name="i_am_a_user_of_Axate_and_I_am_on_the_registration_page_through_Cricketer_Wallet_homepages" time="49.930" classname="Stepdef.Scifinowlive.SCISMO02_Scifi_register_from_wallet"/>
  <testcase name="i_enter_all_the_required_details_on_step_one_and_click_on_continue" time="45.610" classname="Stepdef.Scifinowlive.SCISMO02_Scifi_register_from_wallet"/>
  <testcase name="top_up_with_a_valid_card_in_steptwo_with_one_pound_and_click_on_continue" time="7.332" classname="Stepdef.Scifinowlive.SCISMO02_Scifi_register_from_wallet"/>
  <testcase name="i_get_a_funded_axate_wallet_with_one_pound_in_it" time="9.107" classname="Stepdef.Scifinowlive.SCISMO02_Scifi_register_from_wallet"/>
  <testcase name="navigated_to_Cricketer_com" time="0.160" classname="Stepdef.Scifinowlive.SCISMO02_Scifi_register_from_wallet"/>
</testsuite> <!-- Stepdef.Scifinowlive.SCISMO02_Scifi_register_from_wallet -->
